<?xml version="1.0" encoding="UTF-8"?>
<testsuite name="student_portal.GTU.ServiceImpl.AttendanceServiceImptTest" tests="2" skipped="0" failures="0" errors="0" timestamp="2025-06-09T09:48:52.256Z" hostname="agilelpt-106" time="0.11">
  <properties/>
  <testcase name="testMarkAttendance_AlreadyMarked_ThrowsException()" classname="student_portal.GTU.ServiceImpl.AttendanceServiceImptTest" time="0.103"/>
  <testcase name="testMarkAttendance_Success()" classname="student_portal.GTU.ServiceImpl.AttendanceServiceImptTest" time="0.007"/>
  <system-out><![CDATA[]]></system-out>
  <system-err><![CDATA[]]></system-err>
</testsuite>
