<?xml version="1.0" encoding="UTF-8"?>
<testsuite name="student_portal.GTU.GtuApplicationTests" tests="1" skipped="0" failures="0" errors="0" timestamp="2025-06-09T09:48:51.471Z" hostname="agilelpt-106" time="0.249">
  <properties/>
  <testcase name="contextLoads()" classname="student_portal.GTU.GtuApplicationTests" time="0.249"/>
  <system-out><![CDATA[15:18:47.472 [Test worker] INFO org.springframework.test.context.support.AnnotationConfigContextLoaderUtils -- Could not detect default configuration classes for test class [student_portal.GTU.GtuApplicationTests]: GtuApplicationTests does not declare any static, non-private, non-final, nested classes annotated with @Configuration.
15:18:47.535 [Test worker] INFO org.springframework.boot.test.context.SpringBootTestContextBootstrapper -- Found @SpringBootConfiguration student_portal.GTU.GtuApplication for test class student_portal.GTU.GtuApplicationTests

  .   ____          _            __ _ _
 /\\ / ___'_ __ _ _(_)_ __  __ _ \ \ \ \
( ( )\___ | '_ | '_| | '_ \/ _` | \ \ \ \
 \\/  ___)| |_)| | | | | || (_| |  ) ) ) )
  '  |____| .__|_| |_|_| |_\__, | / / / /
 =========|_|==============|___/=/_/_/_/

 :: Spring Boot ::                (v3.5.0)

2025-06-09T15:18:47.804+05:30  INFO 272906 --- [GTU] [    Test worker] student_portal.GTU.GtuApplicationTests   : Starting GtuApplicationTests using Java 17.0.15 with PID 272906 (started by agilelpt106 in /home/agilelpt106/Documents/learning-projects/student-portal-java)
2025-06-09T15:18:47.806+05:30  INFO 272906 --- [GTU] [    Test worker] student_portal.GTU.GtuApplicationTests   : No active profile set, falling back to 1 default profile: "default"
2025-06-09T15:18:48.330+05:30  INFO 272906 --- [GTU] [    Test worker] .s.d.r.c.RepositoryConfigurationDelegate : Bootstrapping Spring Data JPA repositories in DEFAULT mode.
2025-06-09T15:18:48.380+05:30  INFO 272906 --- [GTU] [    Test worker] .s.d.r.c.RepositoryConfigurationDelegate : Finished Spring Data repository scanning in 42 ms. Found 5 JPA repository interfaces.
2025-06-09T15:18:48.652+05:30  INFO 272906 --- [GTU] [    Test worker] com.zaxxer.hikari.HikariDataSource       : HikariPool-1 - Starting...
2025-06-09T15:18:48.882+05:30  INFO 272906 --- [GTU] [    Test worker] com.zaxxer.hikari.pool.HikariPool        : HikariPool-1 - Added connection com.mysql.cj.jdbc.ConnectionImpl@2b936b04
2025-06-09T15:18:48.884+05:30  INFO 272906 --- [GTU] [    Test worker] com.zaxxer.hikari.HikariDataSource       : HikariPool-1 - Start completed.
2025-06-09T15:18:48.946+05:30  INFO 272906 --- [GTU] [    Test worker] o.hibernate.jpa.internal.util.LogHelper  : HHH000204: Processing PersistenceUnitInfo [name: default]
2025-06-09T15:18:48.971+05:30  INFO 272906 --- [GTU] [    Test worker] org.hibernate.Version                    : HHH000412: Hibernate ORM core version 6.6.15.Final
2025-06-09T15:18:48.992+05:30  INFO 272906 --- [GTU] [    Test worker] o.h.c.internal.RegionFactoryInitiator    : HHH000026: Second-level cache disabled
2025-06-09T15:18:49.155+05:30  INFO 272906 --- [GTU] [    Test worker] o.s.o.j.p.SpringPersistenceUnitInfo      : No LoadTimeWeaver setup: ignoring JPA class transformer
2025-06-09T15:18:49.200+05:30  WARN 272906 --- [GTU] [    Test worker] org.hibernate.orm.deprecation            : HHH90000025: MySQL8Dialect does not need to be specified explicitly using 'hibernate.dialect' (remove the property setting and it will be selected by default)
2025-06-09T15:18:49.201+05:30  WARN 272906 --- [GTU] [    Test worker] org.hibernate.orm.deprecation            : HHH90000026: MySQL8Dialect has been deprecated; use org.hibernate.dialect.MySQLDialect instead
2025-06-09T15:18:49.210+05:30  INFO 272906 --- [GTU] [    Test worker] org.hibernate.orm.connections.pooling    : HHH10001005: Database info:
	Database JDBC URL [Connecting through datasource 'HikariDataSource (HikariPool-1)']
	Database driver: undefined/unknown
	Database version: 8.0
	Autocommit mode: undefined/unknown
	Isolation level: undefined/unknown
	Minimum pool size: undefined/unknown
	Maximum pool size: undefined/unknown
2025-06-09T15:18:49.646+05:30  INFO 272906 --- [GTU] [    Test worker] o.h.m.i.EntityInstantiatorPojoStandard   : HHH000182: No default (no-argument) constructor for class: student_portal.GTU.Model.SemesterResult (class must be instantiated by Interceptor)
2025-06-09T15:18:49.729+05:30  INFO 272906 --- [GTU] [    Test worker] o.h.e.t.j.p.i.JtaPlatformInitiator       : HHH000489: No JTA platform available (set 'hibernate.transaction.jta.platform' to enable JTA platform integration)
2025-06-09T15:18:49.789+05:30  INFO 272906 --- [GTU] [    Test worker] j.LocalContainerEntityManagerFactoryBean : Initialized JPA EntityManagerFactory for persistence unit 'default'
2025-06-09T15:18:49.973+05:30  INFO 272906 --- [GTU] [    Test worker] o.s.d.j.r.query.QueryEnhancerFactory     : Hibernate is in classpath; If applicable, HQL parser will be used.
2025-06-09T15:18:50.671+05:30  INFO 272906 --- [GTU] [    Test worker] eAuthenticationProviderManagerConfigurer : Global AuthenticationManager configured with AuthenticationProvider bean with name authenticationProvider
2025-06-09T15:18:50.672+05:30  WARN 272906 --- [GTU] [    Test worker] r$InitializeUserDetailsManagerConfigurer : Global AuthenticationManager configured with an AuthenticationProvider bean. UserDetailsService beans will not be used by Spring Security for automatically configuring username/password login. Consider removing the AuthenticationProvider bean. Alternatively, consider using the UserDetailsService in a manually instantiated DaoAuthenticationProvider. If the current configuration is intentional, to turn off this warning, increase the logging level of 'org.springframework.security.config.annotation.authentication.configuration.InitializeUserDetailsBeanManagerConfigurer' to ERROR
2025-06-09T15:18:50.835+05:30  WARN 272906 --- [GTU] [    Test worker] JpaBaseConfiguration$JpaWebConfiguration : spring.jpa.open-in-view is enabled by default. Therefore, database queries may be performed during view rendering. Explicitly configure spring.jpa.open-in-view to disable this warning
2025-06-09T15:18:51.057+05:30 DEBUG 272906 --- [GTU] [    Test worker] o.s.s.web.DefaultSecurityFilterChain     : Will secure any request with filters: DisableEncodeUrlFilter, WebAsyncManagerIntegrationFilter, SecurityContextHolderFilter, HeaderWriterFilter, LogoutFilter, JwtAuthenticationFilter, RequestCacheAwareFilter, SecurityContextHolderAwareRequestFilter, AnonymousAuthenticationFilter, SessionManagementFilter, ExceptionTranslationFilter, AuthorizationFilter
2025-06-09T15:18:51.173+05:30  INFO 272906 --- [GTU] [    Test worker] o.s.v.b.OptionalValidatorFactoryBean     : Failed to set up a Bean Validation provider: jakarta.validation.NoProviderFoundException: Unable to create a Configuration, because no Jakarta Bean Validation provider could be found. Add a provider like Hibernate Validator (RI) to your classpath.
2025-06-09T15:18:51.395+05:30  INFO 272906 --- [GTU] [    Test worker] student_portal.GTU.GtuApplicationTests   : Started GtuApplicationTests in 3.773 seconds (process running for 4.323)
Hibernate: select u1_0.id from tbl_user u1_0 where u1_0.email=? limit ?
]]></system-out>
  <system-err><![CDATA[]]></system-err>
</testsuite>
