<?xml version="1.0" encoding="UTF-8"?>
<testsuite name="student_portal.GTU.Controller.AuthControllerTest" tests="6" skipped="0" failures="0" errors="0" timestamp="2025-06-09T09:48:51.724Z" hostname="agilelpt-106" time="0.43">
  <properties/>
  <testcase name="testLoginWithStudentRoleEmailFound()" classname="student_portal.GTU.Controller.AuthControllerTest" time="0.4"/>
  <testcase name="testLoginSuccess()" classname="student_portal.GTU.Controller.AuthControllerTest" time="0.006"/>
  <testcase name="testChangePasswordSuccess()" classname="student_portal.GTU.Controller.AuthControllerTest" time="0.005"/>
  <testcase name="testForgotPassword()" classname="student_portal.GTU.Controller.AuthControllerTest" time="0.003"/>
  <testcase name="testChangePasswordFailure()" classname="student_portal.GTU.Controller.AuthControllerTest" time="0.006"/>
  <testcase name="testRefreshTokenSuccess()" classname="student_portal.GTU.Controller.AuthControllerTest" time="0.005"/>
  <system-out><![CDATA[]]></system-out>
  <system-err><![CDATA[]]></system-err>
</testsuite>
